{
  "RSpec": {
    "coverage": {
      "C:/Users/erikw/protein_databank_gem/lib/protein_databank_gem.rb": {
        "lines": [
          1
        ]
      },
      "C:/Users/erikw/protein_databank_gem/lib/pdb_data_api.rb": {
        "lines": [
          1,
          1,
          null,
          1,
          1,
          1,
          1,
          1,
          null,
          1,
          1,
          null,
          null,
          1,
          1,
          null,
          null,
          1,
          1,
          null,
          null,
          1,
          1,
          null,
          null,
          1,
          1,
          null,
          null,
          1,
          1,
          null,
          null,
          1,
          1,
          null,
          null,
          1,
          1,
          null,
          null,
          1,
          1,
          null,
          null,
          1,
          1,
          null,
          null,
          1,
          1,
          null,
          null,
          1,
          1,
          null,
          null,
          1,
          1,
          null,
          null,
          1,
          1,
          null,
          null,
          1,
          1,
          null,
          null,
          1,
          1,
          null,
          null,
          1,
          1,
          null,
          null,
          1,
          2,
          1,
          null,
          2,
          null,
          null,
          1,
          2,
          2,
          null,
          null,
          1,
          3,
          1,
          null,
          3,
          3,
          null,
          null,
          1,
          0,
          null,
          null,
          1,
          0,
          null,
          null,
          1,
          0,
          null,
          null,
          1,
          0,
          null,
          null,
          1,
          0,
          null,
          null,
          1,
          0,
          null,
          null,
          1,
          0,
          null,
          null,
          1,
          0,
          null,
          null,
          1,
          0,
          null,
          null,
          1,
          0,
          null,
          null,
          1,
          0,
          null,
          null,
          1,
          0,
          null,
          null,
          1,
          null,
          1,
          24,
          24,
          null,
          null
        ]
      },
      "C:/Users/erikw/protein_databank_gem/lib/response_object.rb": {
        "lines": [
          1,
          null,
          1,
          1,
          1,
          24,
          24,
          22,
          22,
          22,
          18,
          4,
          4,
          null,
          null,
          2,
          null,
          2,
          null,
          null,
          null,
          null,
          null,
          null,
          1,
          18,
          null,
          null,
          null,
          1,
          18,
          18,
          18,
          144,
          288,
          null,
          null,
          null,
          1,
          4,
          4,
          4,
          230618,
          null,
          null,
          null
        ]
      }
    },
    "timestamp": 1679288335
  }
}
