{
  "RSpec": {
    "coverage": {
      "C:/Users/erikw/protein_databank_gem/lib/protein_databank_gem.rb": {
        "lines": [
          1
        ]
      },
      "C:/Users/erikw/protein_databank_gem/lib/pdb_data_api.rb": {
        "lines": [
          1,
          1,
          null,
          1,
          1,
          1,
          1,
          1,
          null,
          1,
          1,
          null,
          null,
          1,
          1,
          null,
          null,
          1,
          1,
          null,
          null,
          1,
          1,
          null,
          null,
          1,
          1,
          null,
          null,
          1,
          1,
          null,
          null,
          1,
          1,
          null,
          null,
          1,
          1,
          null,
          null,
          1,
          1,
          null,
          null,
          1,
          1,
          null,
          null,
          1,
          1,
          null,
          null,
          1,
          1,
          null,
          null,
          1,
          1,
          null,
          null,
          1,
          1,
          null,
          null,
          1,
          1,
          null,
          null,
          1,
          1,
          null,
          null,
          1,
          1,
          null,
          null,
          1,
          2,
          1,
          null,
          2,
          null,
          null,
          1,
          2,
          2,
          null,
          null,
          1,
          3,
          1,
          null,
          3,
          3,
          null,
          null,
          1,
          1,
          null,
          null,
          1,
          1,
          null,
          null,
          1,
          1,
          null,
          null,
          1,
          1,
          null,
          null,
          1,
          1,
          null,
          null,
          1,
          1,
          null,
          null,
          1,
          1,
          null,
          null,
          1,
          1,
          null,
          null,
          1,
          1,
          null,
          null,
          1,
          1,
          null,
          null,
          1,
          1,
          null,
          null,
          1,
          1,
          null,
          null,
          1,
          null,
          1,
          36,
          36,
          null,
          null
        ]
      },
      "C:/Users/erikw/protein_databank_gem/lib/response_object.rb": {
        "lines": [
          1,
          null,
          1,
          1,
          1,
          36,
          36,
          34,
          34,
          34,
          30,
          4,
          4,
          null,
          null,
          2,
          null,
          2,
          null,
          null,
          null,
          null,
          null,
          null,
          1,
          30,
          null,
          null,
          null,
          1,
          30,
          30,
          30,
          236,
          null,
          null,
          22,
          null,
          236,
          472,
          null,
          null,
          null,
          1,
          4,
          4,
          4,
          230876,
          null,
          null,
          null
        ]
      }
    },
    "timestamp": 1679455302
  }
}
